<?xml version="1.0" encoding="UTF-8"?>
<!-- Generated by org.testng.reporters.JUnitReportReporter -->
<testsuite hostname="DESKTOP-E0D0PPJ" failures="0" tests="1" name="extentReport.DWSExtentReportAssign" time="10.042" errors="0" timestamp="2025-01-23T12:39:45 IST" skipped="0">
  <testcase classname="extentReport.DWSExtentReportAssign" name="demoWeb" time="10.042"/>
  <system-out/>
</testsuite> <!-- extentReport.DWSExtentReportAssign -->
