<?xml version="1.0" encoding="UTF-8"?>
<!-- Generated by org.testng.reporters.JUnitReportReporter -->
<testsuite hostname="DESKTOP-E0D0PPJ" failures="0" tests="1" name="extentReport.ToLearnExtentReportTest" time="0.801" errors="0" timestamp="2025-01-23T12:08:55 IST" skipped="0">
  <testcase classname="extentReport.ToLearnExtentReportTest" name="extentReport" time="0.801"/>
  <system-out/>
</testsuite> <!-- extentReport.ToLearnExtentReportTest -->
