<?xml version="1.0" encoding="UTF-8"?>
<!-- Generated by org.testng.reporters.JUnitReportReporter -->
<testsuite hostname="DESKTOP-E0D0PPJ" failures="0" tests="1" name="extentReport.ToAddScreenshotToReport" time="8.790" errors="0" timestamp="2025-01-23T12:21:54 IST" skipped="0">
  <testcase classname="extentReport.ToAddScreenshotToReport" name="addScreenshot" time="8.790"/>
  <system-out/>
</testsuite> <!-- extentReport.ToAddScreenshotToReport -->
